<?xml version="1.0" encoding="UTF-8"?>
<testsuite xmlns:xsi="http://www.w3.org/2001/XMLSchema-instance" xsi:noNamespaceSchemaLocation="https://maven.apache.org/surefire/maven-surefire-plugin/xsd/surefire-test-report.xsd" name="TestSuite" time="123.085" tests="7" errors="0" skipped="0" failures="1">
  <properties>
    <property name="sun.desktop" value="windows"/>
    <property name="awt.toolkit" value="sun.awt.windows.WToolkit"/>
    <property name="java.specification.version" value="11"/>
    <property name="sun.cpu.isalist" value="amd64"/>
    <property name="sun.jnu.encoding" value="Cp1252"/>
    <property name="java.class.path" value="C:\Users\User\eclipse-workspace\rediffmaven\target\test-classes;C:\Users\User\eclipse-workspace\rediffmaven\target\classes;C:\Users\User\.m2\repository\org\seleniumhq\selenium\selenium-java\3.141.59\selenium-java-3.141.59.jar;C:\Users\User\.m2\repository\org\seleniumhq\selenium\selenium-api\3.141.59\selenium-api-3.141.59.jar;C:\Users\User\.m2\repository\org\seleniumhq\selenium\selenium-chrome-driver\3.141.59\selenium-chrome-driver-3.141.59.jar;C:\Users\User\.m2\repository\org\seleniumhq\selenium\selenium-edge-driver\3.141.59\selenium-edge-driver-3.141.59.jar;C:\Users\User\.m2\repository\org\seleniumhq\selenium\selenium-firefox-driver\3.141.59\selenium-firefox-driver-3.141.59.jar;C:\Users\User\.m2\repository\org\seleniumhq\selenium\selenium-ie-driver\3.141.59\selenium-ie-driver-3.141.59.jar;C:\Users\User\.m2\repository\org\seleniumhq\selenium\selenium-opera-driver\3.141.59\selenium-opera-driver-3.141.59.jar;C:\Users\User\.m2\repository\org\seleniumhq\selenium\selenium-remote-driver\3.141.59\selenium-remote-driver-3.141.59.jar;C:\Users\User\.m2\repository\org\seleniumhq\selenium\selenium-safari-driver\3.141.59\selenium-safari-driver-3.141.59.jar;C:\Users\User\.m2\repository\org\seleniumhq\selenium\selenium-support\3.141.59\selenium-support-3.141.59.jar;C:\Users\User\.m2\repository\net\bytebuddy\byte-buddy\1.8.15\byte-buddy-1.8.15.jar;C:\Users\User\.m2\repository\org\apache\commons\commons-exec\1.3\commons-exec-1.3.jar;C:\Users\User\.m2\repository\com\google\guava\guava\25.0-jre\guava-25.0-jre.jar;C:\Users\User\.m2\repository\com\google\code\findbugs\jsr305\1.3.9\jsr305-1.3.9.jar;C:\Users\User\.m2\repository\org\checkerframework\checker-compat-qual\2.0.0\checker-compat-qual-2.0.0.jar;C:\Users\User\.m2\repository\com\google\errorprone\error_prone_annotations\2.1.3\error_prone_annotations-2.1.3.jar;C:\Users\User\.m2\repository\com\google\j2objc\j2objc-annotations\1.1\j2objc-annotations-1.1.jar;C:\Users\User\.m2\repository\org\codehaus\mojo\animal-sniffer-annotations\1.14\animal-sniffer-annotations-1.14.jar;C:\Users\User\.m2\repository\com\squareup\okhttp3\okhttp\3.11.0\okhttp-3.11.0.jar;C:\Users\User\.m2\repository\com\squareup\okio\okio\1.14.0\okio-1.14.0.jar;C:\Users\User\.m2\repository\org\testng\testng\6.14.3\testng-6.14.3.jar;C:\Users\User\.m2\repository\com\beust\jcommander\1.72\jcommander-1.72.jar;C:\Users\User\.m2\repository\org\apache-extras\beanshell\bsh\2.0b6\bsh-2.0b6.jar;C:\Users\User\.m2\repository\com\aventstack\extentreports\4.1.4\extentreports-4.1.4.jar;C:\Users\User\.m2\repository\org\freemarker\freemarker\2.3.29\freemarker-2.3.29.jar;C:\Users\User\.m2\repository\org\apache\httpcomponents\httpclient\4.5.2\httpclient-4.5.2.jar;C:\Users\User\.m2\repository\org\apache\httpcomponents\httpcore\4.4.4\httpcore-4.4.4.jar;C:\Users\User\.m2\repository\commons-logging\commons-logging\1.2\commons-logging-1.2.jar;C:\Users\User\.m2\repository\commons-codec\commons-codec\1.9\commons-codec-1.9.jar;C:\Users\User\.m2\repository\org\apache\httpcomponents\httpmime\4.5.2\httpmime-4.5.2.jar;C:\Users\User\.m2\repository\com\google\code\gson\gson\2.8.6\gson-2.8.6.jar;C:\Users\User\.m2\repository\org\mongodb\mongodb-driver\3.12.0\mongodb-driver-3.12.0.jar;C:\Users\User\.m2\repository\org\mongodb\mongodb-driver-core\3.12.0\mongodb-driver-core-3.12.0.jar;C:\Users\User\.m2\repository\org\mongodb\bson\3.12.0\bson-3.12.0.jar;C:\Users\User\.m2\repository\org\apache\logging\log4j\log4j-api\2.13.3\log4j-api-2.13.3.jar;C:\Users\User\.m2\repository\org\apache\logging\log4j\log4j-core\2.13.2\log4j-core-2.13.2.jar;C:\Users\User\.m2\repository\commons-io\commons-io\2.6\commons-io-2.6.jar;"/>
    <property name="java.vm.vendor" value="Oracle Corporation"/>
    <property name="sun.arch.data.model" value="64"/>
    <property name="user.variant" value=""/>
    <property name="java.vendor.url" value="http://java.oracle.com/"/>
    <property name="user.timezone" value="Asia/Calcutta"/>
    <property name="java.vm.specification.version" value="11"/>
    <property name="os.name" value="Windows 10"/>
    <property name="sun.java.launcher" value="SUN_STANDARD"/>
    <property name="user.country" value="IN"/>
    <property name="sun.boot.library.path" value="C:\Program Files\Java\jdk-11.0.5\bin"/>
    <property name="sun.java.command" value="C:\Users\User\AppData\Local\Temp\surefire18115818211266557778\surefirebooter4826246126459912770.jar C:\Users\User\AppData\Local\Temp\surefire18115818211266557778 2020-05-25T14-48-59_905-jvmRun1 surefire1557453564345034571tmp surefire_010629560659241650862tmp"/>
    <property name="jdk.debug" value="release"/>
    <property name="surefire.test.class.path" value="C:\Users\User\eclipse-workspace\rediffmaven\target\test-classes;C:\Users\User\eclipse-workspace\rediffmaven\target\classes;C:\Users\User\.m2\repository\org\seleniumhq\selenium\selenium-java\3.141.59\selenium-java-3.141.59.jar;C:\Users\User\.m2\repository\org\seleniumhq\selenium\selenium-api\3.141.59\selenium-api-3.141.59.jar;C:\Users\User\.m2\repository\org\seleniumhq\selenium\selenium-chrome-driver\3.141.59\selenium-chrome-driver-3.141.59.jar;C:\Users\User\.m2\repository\org\seleniumhq\selenium\selenium-edge-driver\3.141.59\selenium-edge-driver-3.141.59.jar;C:\Users\User\.m2\repository\org\seleniumhq\selenium\selenium-firefox-driver\3.141.59\selenium-firefox-driver-3.141.59.jar;C:\Users\User\.m2\repository\org\seleniumhq\selenium\selenium-ie-driver\3.141.59\selenium-ie-driver-3.141.59.jar;C:\Users\User\.m2\repository\org\seleniumhq\selenium\selenium-opera-driver\3.141.59\selenium-opera-driver-3.141.59.jar;C:\Users\User\.m2\repository\org\seleniumhq\selenium\selenium-remote-driver\3.141.59\selenium-remote-driver-3.141.59.jar;C:\Users\User\.m2\repository\org\seleniumhq\selenium\selenium-safari-driver\3.141.59\selenium-safari-driver-3.141.59.jar;C:\Users\User\.m2\repository\org\seleniumhq\selenium\selenium-support\3.141.59\selenium-support-3.141.59.jar;C:\Users\User\.m2\repository\net\bytebuddy\byte-buddy\1.8.15\byte-buddy-1.8.15.jar;C:\Users\User\.m2\repository\org\apache\commons\commons-exec\1.3\commons-exec-1.3.jar;C:\Users\User\.m2\repository\com\google\guava\guava\25.0-jre\guava-25.0-jre.jar;C:\Users\User\.m2\repository\com\google\code\findbugs\jsr305\1.3.9\jsr305-1.3.9.jar;C:\Users\User\.m2\repository\org\checkerframework\checker-compat-qual\2.0.0\checker-compat-qual-2.0.0.jar;C:\Users\User\.m2\repository\com\google\errorprone\error_prone_annotations\2.1.3\error_prone_annotations-2.1.3.jar;C:\Users\User\.m2\repository\com\google\j2objc\j2objc-annotations\1.1\j2objc-annotations-1.1.jar;C:\Users\User\.m2\repository\org\codehaus\mojo\animal-sniffer-annotations\1.14\animal-sniffer-annotations-1.14.jar;C:\Users\User\.m2\repository\com\squareup\okhttp3\okhttp\3.11.0\okhttp-3.11.0.jar;C:\Users\User\.m2\repository\com\squareup\okio\okio\1.14.0\okio-1.14.0.jar;C:\Users\User\.m2\repository\org\testng\testng\6.14.3\testng-6.14.3.jar;C:\Users\User\.m2\repository\com\beust\jcommander\1.72\jcommander-1.72.jar;C:\Users\User\.m2\repository\org\apache-extras\beanshell\bsh\2.0b6\bsh-2.0b6.jar;C:\Users\User\.m2\repository\com\aventstack\extentreports\4.1.4\extentreports-4.1.4.jar;C:\Users\User\.m2\repository\org\freemarker\freemarker\2.3.29\freemarker-2.3.29.jar;C:\Users\User\.m2\repository\org\apache\httpcomponents\httpclient\4.5.2\httpclient-4.5.2.jar;C:\Users\User\.m2\repository\org\apache\httpcomponents\httpcore\4.4.4\httpcore-4.4.4.jar;C:\Users\User\.m2\repository\commons-logging\commons-logging\1.2\commons-logging-1.2.jar;C:\Users\User\.m2\repository\commons-codec\commons-codec\1.9\commons-codec-1.9.jar;C:\Users\User\.m2\repository\org\apache\httpcomponents\httpmime\4.5.2\httpmime-4.5.2.jar;C:\Users\User\.m2\repository\com\google\code\gson\gson\2.8.6\gson-2.8.6.jar;C:\Users\User\.m2\repository\org\mongodb\mongodb-driver\3.12.0\mongodb-driver-3.12.0.jar;C:\Users\User\.m2\repository\org\mongodb\mongodb-driver-core\3.12.0\mongodb-driver-core-3.12.0.jar;C:\Users\User\.m2\repository\org\mongodb\bson\3.12.0\bson-3.12.0.jar;C:\Users\User\.m2\repository\org\apache\logging\log4j\log4j-api\2.13.3\log4j-api-2.13.3.jar;C:\Users\User\.m2\repository\org\apache\logging\log4j\log4j-core\2.13.2\log4j-core-2.13.2.jar;C:\Users\User\.m2\repository\commons-io\commons-io\2.6\commons-io-2.6.jar;"/>
    <property name="sun.cpu.endian" value="little"/>
    <property name="user.home" value="C:\Users\User"/>
    <property name="user.language" value="en"/>
    <property name="java.specification.vendor" value="Oracle Corporation"/>
    <property name="java.version.date" value="2019-10-15"/>
    <property name="java.home" value="C:\Program Files\Java\jdk-11.0.5"/>
    <property name="file.separator" value="\"/>
    <property name="basedir" value="C:\Users\User\eclipse-workspace\rediffmaven"/>
    <property name="java.vm.compressedOopsMode" value="32-bit"/>
    <property name="line.separator" value="&#10;"/>
    <property name="java.specification.name" value="Java Platform API Specification"/>
    <property name="java.vm.specification.vendor" value="Oracle Corporation"/>
    <property name="java.awt.graphicsenv" value="sun.awt.Win32GraphicsEnvironment"/>
    <property name="surefire.real.class.path" value="C:\Users\User\AppData\Local\Temp\surefire18115818211266557778\surefirebooter4826246126459912770.jar"/>
    <property name="user.script" value=""/>
    <property name="sun.management.compiler" value="HotSpot 64-Bit Tiered Compilers"/>
    <property name="java.runtime.version" value="11.0.5+10-LTS"/>
    <property name="user.name" value="User"/>
    <property name="path.separator" value=";"/>
    <property name="os.version" value="10.0"/>
    <property name="java.runtime.name" value="Java(TM) SE Runtime Environment"/>
    <property name="file.encoding" value="Cp1252"/>
    <property name="java.vm.name" value="Java HotSpot(TM) 64-Bit Server VM"/>
    <property name="java.vendor.version" value="18.9"/>
    <property name="localRepository" value="C:\Users\User\.m2\repository"/>
    <property name="java.vendor.url.bug" value="http://bugreport.java.com/bugreport/"/>
    <property name="java.io.tmpdir" value="C:\Users\User\AppData\Local\Temp\"/>
    <property name="java.version" value="11.0.5"/>
    <property name="user.dir" value="C:\Users\User\eclipse-workspace\rediffmaven"/>
    <property name="os.arch" value="amd64"/>
    <property name="java.vm.specification.name" value="Java Virtual Machine Specification"/>
    <property name="java.awt.printerjob" value="sun.awt.windows.WPrinterJob"/>
    <property name="sun.os.patch.level" value=""/>
    <property name="java.library.path" value="C:\Program Files\Java\jdk-11.0.5\bin;C:\windows\Sun\Java\bin;C:\windows\system32;C:\windows;C:\windows\system32;C:\windows;C:\windows\System32\Wbem;C:\windows\System32\WindowsPowerShell\v1.0\;C:\windows\System32\OpenSSH\;C:\Program Files\Java\jdk-11.0.5\bin;C:\apache\apache-maven-3.6.3\bin;C:\Users\User\AppData\Local\Microsoft\WindowsApps;;."/>
    <property name="java.vendor" value="Oracle Corporation"/>
    <property name="java.vm.info" value="mixed mode"/>
    <property name="java.vm.version" value="11.0.5+10-LTS"/>
    <property name="sun.io.unicode.encoding" value="UnicodeLittle"/>
    <property name="java.class.version" value="55.0"/>
  </properties>
  <testcase name="onClickItemTest" classname="com.rediff.testcases.InboxPageTest" time="4.413"/>
  <testcase name="profileVerificationTest" classname="com.rediff.testcases.InboxPageTest" time="4.141"/>
  <testcase name="onClickSignInTest" classname="com.rediff.testcases.HomePageTest" time="0.094"/>
  <testcase name="onSuccessfulLoginTest" classname="com.rediff.testcases.SignInTest" time="4.761"/>
  <testcase name="getTitleHomeTest" classname="com.rediff.testcases.HomePageTest" time="2.587">
    <failure message="expected [Rediff.com: News | Rediffmail1 | Stock Quotes | Shopping] but found [Rediff.com: News | Rediffmail | Stock Quotes | Shopping]" type="java.lang.AssertionError">java.lang.AssertionError: expected [Rediff.com: News | Rediffmail1 | Stock Quotes | Shopping] but found [Rediff.com: News | Rediffmail | Stock Quotes | Shopping]
	at com.rediff.testcases.HomePageTest.getTitleHomeTest(HomePageTest.java:40)
</failure>
    <system-out><![CDATA[14:50:13.353 [main] INFO  com.rediff.base.Base - SignInTest is completed
14:50:16.563 [main] INFO  com.rediff.base.Base - ChromeDriver has been initialized
14:50:16.563 [main] DEBUG com.rediff.base.Base - RddifMail URL is set into the address bar
14:50:21.795 [main] INFO  com.rediff.base.Base - ReddifMail website is launced successfully
14:50:25.567 [main] INFO  com.rediff.base.Base - Browser window is maximized
14:50:25.624 [main] INFO  com.rediff.base.Base - Implict wait is set to 10 seconds globally
14:50:25.624 [main] DEBUG com.rediff.base.Base - Initialization method is invoked for homepage test
14:50:25.635 [main] INFO  com.rediff.base.Base - HomePage title is fetched
]]></system-out>
    <system-err><![CDATA[Starting ChromeDriver 81.0.4044.138 (8c6c7ba89cc9453625af54f11fd83179e23450fa-refs/branch-heads/4044@{#999}) on port 6152
Only local connections are allowed.
Please protect ports used by ChromeDriver and related test frameworks to prevent access by malicious code.
May 25, 2020 2:50:16 PM org.openqa.selenium.remote.ProtocolHandshake createSession
INFO: Detected dialect: W3C
[1590398417.991][SEVERE]: Timed out receiving message from renderer: 0.100
[1590398418.093][SEVERE]: Timed out receiving message from renderer: 0.100
[1590398418.195][SEVERE]: Timed out receiving message from renderer: 0.100
[1590398418.297][SEVERE]: Timed out receiving message from renderer: 0.100
[1590398418.398][SEVERE]: Timed out receiving message from renderer: 0.100
[1590398418.499][SEVERE]: Timed out receiving message from renderer: 0.100
[1590398418.603][SEVERE]: Timed out receiving message from renderer: 0.100
[1590398418.705][SEVERE]: Timed out receiving message from renderer: 0.100
[1590398419.288][SEVERE]: Timed out receiving message from renderer: 0.100
[1590398419.394][SEVERE]: Timed out receiving message from renderer: 0.100
[1590398419.495][SEVERE]: Timed out receiving message from renderer: 0.100
[1590398419.728][SEVERE]: Timed out receiving message from renderer: 0.100
[1590398419.889][SEVERE]: Timed out receiving message from renderer: 0.100
[1590398419.996][SEVERE]: Timed out receiving message from renderer: 0.100
[1590398420.111][SEVERE]: Timed out receiving message from renderer: 0.100
[1590398420.218][SEVERE]: Timed out receiving message from renderer: 0.100
[1590398420.320][SEVERE]: Timed out receiving message from renderer: 0.100
[1590398420.423][SEVERE]: Timed out receiving message from renderer: 0.100
[1590398420.574][SEVERE]: Timed out receiving message from renderer: 0.100
[1590398420.676][SEVERE]: Timed out receiving message from renderer: 0.100
[1590398420.853][SEVERE]: Timed out receiving message from renderer: 0.100
[1590398420.955][SEVERE]: Timed out receiving message from renderer: 0.100
[1590398421.069][SEVERE]: Timed out receiving message from renderer: 0.100
[1590398421.171][SEVERE]: Timed out receiving message from renderer: 0.100
[1590398421.355][SEVERE]: Timed out receiving message from renderer: 0.100
[1590398421.457][SEVERE]: Timed out receiving message from renderer: 0.100
[1590398424.101][SEVERE]: Timed out receiving message from renderer: 0.100
[1590398424.202][SEVERE]: Timed out receiving message from renderer: 0.100
[1590398424.459][SEVERE]: Timed out receiving message from renderer: 0.100
[1590398424.564][SEVERE]: Timed out receiving message from renderer: 0.100
[1590398424.668][SEVERE]: Timed out receiving message from renderer: 0.100
[1590398424.777][SEVERE]: Timed out receiving message from renderer: 0.100
[1590398424.880][SEVERE]: Timed out receiving message from renderer: 0.100
[1590398424.999][SEVERE]: Timed out receiving message from renderer: 0.100
[1590398425.100][SEVERE]: Timed out receiving message from renderer: 0.100
[1590398425.202][SEVERE]: Timed out receiving message from renderer: 0.100
[1590398425.309][SEVERE]: Timed out receiving message from renderer: 0.100
[1590398425.430][SEVERE]: Timed out receiving message from renderer: 0.100
[1590398427.091][SEVERE]: Timed out receiving message from renderer: 0.100
[1590398427.193][SEVERE]: Timed out receiving message from renderer: 0.100
[1590398427.295][SEVERE]: Timed out receiving message from renderer: 0.100
[1590398427.396][SEVERE]: Timed out receiving message from renderer: 0.100
[1590398427.512][SEVERE]: Timed out receiving message from renderer: 0.100
[1590398427.614][SEVERE]: Timed out receiving message from renderer: 0.100
[1590398427.716][SEVERE]: Timed out receiving message from renderer: 0.100
[1590398427.818][SEVERE]: Timed out receiving message from renderer: 0.100
[1590398427.920][SEVERE]: Timed out receiving message from renderer: 0.100
[1590398428.024][SEVERE]: Timed out receiving message from renderer: 0.100
]]></system-err>
  </testcase>
  <testcase name="getTitleSigninTest" classname="com.rediff.testcases.SignInTest" time="1.521"/>
  <testcase name="onClickSignupTest" classname="com.rediff.testcases.HomePageTest" time="2.503"/>
</testsuite>