<?xml version="1.0" encoding="UTF-8"?>
<!-- Generated by org.testng.reporters.JUnitReportReporter -->
<testsuite hostname="LAPTOP-BG1H6HQE" failures="0" tests="2" name="com.rediff.testcases.SignInTest" time="30.288" errors="0" timestamp="24 May 2020 15:51:40 GMT" skipped="0">
  <testcase classname="com.rediff.testcases.SignInTest" name="onSuccessfulLoginTest" time="15.601"/>
  <testcase classname="com.rediff.testcases.SignInTest" name="getTitleSigninTest" time="14.687"/>
</testsuite> <!-- com.rediff.testcases.SignInTest -->
