<?xml version="1.0" encoding="UTF-8"?>
<!-- Generated by org.testng.reporters.JUnitReportReporter -->
<testsuite hostname="LAPTOP-BG1H6HQE" failures="0" tests="2" name="com.rediff.testcases.InboxPageTest" time="40.069" errors="0" timestamp="24 May 2020 15:51:40 GMT" skipped="0">
  <testcase classname="com.rediff.testcases.InboxPageTest" name="profileVerificationTest" time="18.483"/>
  <testcase classname="com.rediff.testcases.InboxPageTest" name="onClickItemTest" time="21.586"/>
</testsuite> <!-- com.rediff.testcases.InboxPageTest -->
