<?xml version="1.0" encoding="UTF-8"?>
<!-- Generated by org.testng.reporters.JUnitReportReporter -->
<testsuite hostname="LAPTOP-BG1H6HQE" failures="0" tests="1" name="com.rediff.testcases.SignUpTest" time="3.644" errors="0" timestamp="19 May 2020 17:05:13 GMT" skipped="0">
  <testcase classname="com.rediff.testcases.SignUpTest" name="main" time="3.644"/>
</testsuite> <!-- com.rediff.testcases.SignUpTest -->
