<?xml version="1.0" encoding="UTF-8"?>
<!-- Generated by org.testng.reporters.JUnitReportReporter -->
<testsuite hostname="LAPTOP-BG1H6HQE" failures="0" tests="2" name="com.rediff.testcases.InboxPageTest" time="41.479" errors="0" timestamp="25 May 2020 09:21:03 GMT" skipped="0">
  <testcase classname="com.rediff.testcases.InboxPageTest" name="onClickItemTest" time="19.519"/>
  <testcase classname="com.rediff.testcases.InboxPageTest" name="profileVerificationTest" time="21.960"/>
</testsuite> <!-- com.rediff.testcases.InboxPageTest -->
